<?xml version="1.0" encoding="UTF-8"?>
<!-- Generated by org.testng.reporters.JUnitReportReporter -->
<testsuite hostname="DESKTOP-KOSPCB8" failures="0" tests="1" name="automationsaucedemo.TestNgClass" time="8.386" errors="0" timestamp="2023-07-18T14:23:06 IST" skipped="0">
  <testcase classname="automationsaucedemo.TestNgClass" name="login" time="8.386"/>
</testsuite> <!-- automationsaucedemo.TestNgClass -->
