<?xml version="1.0" encoding="UTF-8"?>
<!-- Generated by org.testng.reporters.JUnitReportReporter -->
<testsuite hostname="DESKTOP-KOSPCB8" failures="0" tests="1" name="automationsaucedemo.LoginPage" time="8.372" errors="0" timestamp="2023-07-18T15:05:10 IST" skipped="0">
  <testcase classname="automationsaucedemo.LoginPage" name="login" time="8.372"/>
</testsuite> <!-- automationsaucedemo.LoginPage -->
