<?xml version="1.0" encoding="UTF-8"?>
<!-- Generated by org.testng.reporters.JUnitReportReporter -->
<testsuite hostname="DESKTOP-KOSPCB8" failures="0" tests="1" name="automationsaucedemo.CheckoutPage" time="16.708" errors="0" timestamp="2023-07-18T15:05:10 IST" skipped="0">
  <testcase classname="automationsaucedemo.CheckoutPage" name="checkout" time="16.708"/>
</testsuite> <!-- automationsaucedemo.CheckoutPage -->
